#
# A fatal error has been detected by the Java Runtime Environment:
#
#  EXCEPTION_STACK_OVERFLOW (0xc00000fd) at pc=0x00007ffca50fde67, pid=24508, tid=9648
#
# JRE version: OpenJDK Runtime Environment (16.0.1+9) (build 16.0.1+9-24)
# Java VM: OpenJDK 64-Bit Server VM (16.0.1+9-24, mixed mode, tiered, compressed oops, compressed class ptrs, g1 gc, windows-amd64)
# Problematic frame:
# V  [jvm.dll+0x37de67]
#
# No core dump will be written. Minidumps are not enabled by default on client versions of Windows
#
# If you would like to submit a bug report, please visit:
#   https://bugreport.java.com/bugreport/crash.jsp
#

---------------  S U M M A R Y ------------

Command Line: -Dfile.encoding=UTF-8 -XX:+ShowCodeDetailsInExceptionMessages com.nn.vehicles.VehiclesApplication

Host: Intel(R) Core(TM) i5-6300HQ CPU @ 2.30GHz, 4 cores, 15G,  Windows 10 , 64 bit Build 19041 (10.0.19041.1202)
Time: Wed Oct 20 17:34:54 2021 FLE Daylight Time elapsed time: 56597.236443 seconds (0d 15h 43m 17s)

---------------  T H R E A D  ---------------

Current thread (0x000001f1f11af630):  JavaThread "HikariPool-5 connection closer" daemon [_thread_in_vm, id=9648, stack(0x000000bf7e900000,0x000000bf7ea00000)]

Stack: [0x000000bf7e900000,0x000000bf7ea00000],  sp=0x000000bf7e9ff9b0,  free space=1022k
Native frames: (J=compiled Java code, j=interpreted, Vv=VM code, C=native code)
V  [jvm.dll+0x37de67]
V  [jvm.dll+0x6686f2]
V  [jvm.dll+0x37e98b]
V  [jvm.dll+0x37ec17]
V  [jvm.dll+0x4085d1]
V  [jvm.dll+0x780002]
V  [jvm.dll+0x779b4a]
V  [jvm.dll+0x667666]
C  [ucrtbase.dll+0x21bb2]
C  [KERNEL32.DLL+0x17034]
C  [ntdll.dll+0x52651]


siginfo: EXCEPTION_STACK_OVERFLOW (0xc00000fd), ExceptionInformation=0x0000000000000001 0x000000bf7e9f99b0 


Register to memory mapping:

RIP=0x00007ffca50fde67 jvm.dll
RAX=0x0000000000000002 is an unknown value
RBX=0x000000bf7e9f99b0 is pointing into the stack for thread: 0x000001f1f11af630
RCX=4096 is a compressed pointer to class: 0x0000000800001000
org.springframework.boot.ApplicationArguments {0x0000000800001008}
RDX=0x0 is NULL
RSP=0x000000bf7e9ff9b0 is pointing into the stack for thread: 0x000001f1f11af630
RBP=0x000000bf7e9ffab0 is pointing into the stack for thread: 0x000001f1f11af630
RSI=0x000001f1ef7ed3b0 points into unknown readable memory: 0x000000070878cd20 | 20 cd 78 08 07 00 00 00
RDI=0x000000bf7e9ffc60 is pointing into the stack for thread: 0x000001f1f11af630
R8 =0x000000bf7e9ff9b0 is pointing into the stack for thread: 0x000001f1f11af630
R9 =0x000001f1f11af630 is a thread
R10=0x000000bf7e9ffb90 is pointing into the stack for thread: 0x000001f1f11af630
R11=0x000000bf7e9ffd30 is pointing into the stack for thread: 0x000001f1f11af630
R12=0x000000bf7e9ffb90 is pointing into the stack for thread: 0x000001f1f11af630
R13=0x000000000000000a is an unknown value
R14=0x000000bf7e9ffd30 is pointing into the stack for thread: 0x000001f1f11af630
R15=0x000001f1f11af630 is a thread


Registers:
RAX=0x0000000000000002, RBX=0x000000bf7e9f99b0, RCX=0x0000000000001000, RDX=0x0000000000000000
RSP=0x000000bf7e9ff9b0, RBP=0x000000bf7e9ffab0, RSI=0x000001f1ef7ed3b0, RDI=0x000000bf7e9ffc60
R8 =0x000000bf7e9ff9b0, R9 =0x000001f1f11af630, R10=0x000000bf7e9ffb90, R11=0x000000bf7e9ffd30
R12=0x000000bf7e9ffb90, R13=0x000000000000000a, R14=0x000000bf7e9ffd30, R15=0x000001f1f11af630
RIP=0x00007ffca50fde67, EFLAGS=0x0000000000010202

Top of Stack: (sp=0x000000bf7e9ff9b0)
0x000000bf7e9ff9b0:   000000bf7e9ff9b0 000001f1ef7ed3b0
0x000000bf7e9ff9c0:   0000000000000000 0000000000000000
0x000000bf7e9ff9d0:   0000000000000000 0000000000000000
0x000000bf7e9ff9e0:   0000000000000000 0000000000000000
0x000000bf7e9ff9f0:   0000ea7e7e5a379d 0000000000000000
0x000000bf7e9ffa00:   000001f1f0529bc8 000000bf7e9ffbe0
0x000000bf7e9ffa10:   0000000000000000 0000000000000000
0x000000bf7e9ffa20:   000000bf7e9ffba0 000001f1f11af630
0x000000bf7e9ffa30:   00000008000474b8 00007ffca52d384e
0x000000bf7e9ffa40:   000000bf7e9ffab8 00007ffca50c23a6
0x000000bf7e9ffa50:   000000bf7e9ffbf8 0000000000000005
0x000000bf7e9ffa60:   0000000000000000 0000000000000000
0x000000bf7e9ffa70:   000000bf7e9ffb40 00007ffca52d7171
0x000000bf7e9ffa80:   000001f1f11af630 000001f1f11af630
0x000000bf7e9ffa90:   0000000000000000 0000000000000000
0x000000bf7e9ffaa0:   000001f1ef7ed3b0 0000000000000000 

Instructions: (pc=0x00007ffca50fde67)
0x00007ffca50fdd67:   ff 48 98 41 8b 8c 80 98 e1 37 00 49 03 c8 ff e1
0x00007ffca50fdd77:   41 bd 0a 00 00 00 eb 4c 41 bd 0b 00 00 00 c6 85
0x00007ffca50fdd87:   90 00 00 00 00 eb 57 41 bd 06 00 00 00 c6 85 90
0x00007ffca50fdd97:   00 00 00 00 eb 48 41 bd 07 00 00 00 c6 85 90 00
0x00007ffca50fdda7:   00 00 00 eb 39 ba b2 00 00 00 48 8d 0d 70 63 57
0x00007ffca50fddb7:   00 e8 73 4f ec ff e8 7e a5 2e 00 41 8b 16 41 bd
0x00007ffca50fddc7:   63 00 00 00 83 fa 0c 74 0e 83 fa 0d 74 09 c6 85
0x00007ffca50fddd7:   90 00 00 00 00 eb 07 c6 85 90 00 00 00 01 49 8b
0x00007ffca50fdde7:   04 24 8b 48 20 c1 e9 03 f6 c1 01 75 0d 48 8b 47
0x00007ffca50fddf7:   58 48 8b 30 48 89 75 f0 eb 07 48 89 5d f8 48 8b
0x00007ffca50fde07:   f3 49 8d 8f d0 03 00 00 e8 2c 26 37 00 e8 47 a6
0x00007ffca50fde17:   2e 00 4c 8b c0 49 8b d4 49 8b cf 48 8b d8 e8 26
0x00007ffca50fde27:   f2 2d 00 84 c0 75 1d 4d 8b cc 48 8d 15 f0 62 57
0x00007ffca50fde37:   00 41 b8 8e 01 00 00 49 8b cf e8 aa 8d f3 ff e9
0x00007ffca50fde47:   3c 02 00 00 48 63 0d 9e ed 76 00 33 d2 48 8b 05
0x00007ffca50fde57:   65 39 77 00 48 f7 f1 48 83 f8 01 72 0c 48 2b d9
0x00007ffca50fde67:   c6 03 00 48 83 e8 01 75 f4 4d 8b ce 4c 89 7c 24
0x00007ffca50fde77:   20 4c 8b c6 48 8d 4c 24 40 49 8b d4 e8 98 fa ff
0x00007ffca50fde87:   ff 49 83 7f 08 00 0f 85 44 01 00 00 49 8b d7 48
0x00007ffca50fde97:   8d 4d 00 e8 61 45 fc ff 33 f6 39 77 68 0f 8e 91
0x00007ffca50fdea7:   00 00 00 33 db 0f 1f 40 00 48 8b 47 60 0f b6 0c
0x00007ffca50fdeb7:   03 85 c9 74 71 48 8b 47 58 48 8b 14 d8 83 e9 02
0x00007ffca50fdec7:   74 48 83 f9 01 74 1a ba e5 01 00 00 48 8d 0d 4e
0x00007ffca50fded7:   62 57 00 e8 51 4e ec ff e8 5c a4 2e 00 33 c9 eb
0x00007ffca50fdee7:   35 33 c9 48 85 d2 74 2e f6 c2 01 74 0f 48 8d 4a
0x00007ffca50fdef7:   ff ff 15 02 2d 6f 00 48 8b c8 eb 1a 48 8b ca ff
0x00007ffca50fdf07:   15 14 b1 6e 00 48 8b c8 eb 0c 48 85 d2 75 04 33
0x00007ffca50fdf17:   c9 eb 03 48 8b 0a 48 8b 47 58 48 89 0c d8 48 8b
0x00007ffca50fdf27:   47 60 c6 04 03 01 ff c6 48 ff c3 3b 77 68 0f 8c
0x00007ffca50fdf37:   75 ff ff ff 48 8b 47 78 48 8b 5f 58 48 85 c0 74
0x00007ffca50fdf47:   48 48 8b 10 33 c9 e8 4e 4b 12 00 48 85 c0 74 39
0x00007ffca50fdf57:   49 89 87 c0 03 00 00 49 8b 04 24 48 8b 48 08 48 


Stack slot to memory mapping:
stack at sp + 0 slots: 0x000000bf7e9ff9b0 is pointing into the stack for thread: 0x000001f1f11af630
stack at sp + 1 slots: 0x000001f1ef7ed3b0 points into unknown readable memory: 0x000000070878cd20 | 20 cd 78 08 07 00 00 00
stack at sp + 2 slots: 0x0 is NULL
stack at sp + 3 slots: 0x0 is NULL
stack at sp + 4 slots: 0x0 is NULL
stack at sp + 5 slots: 0x0 is NULL
stack at sp + 6 slots: 0x0 is NULL
stack at sp + 7 slots: 0x0 is NULL


---------------  P R O C E S S  ---------------

Threads class SMR info:
_java_thread_list=0x000001f1f319d320, length=25, elements={
0x000001f1ef034250, 0x000001f1ef036120, 0x000001f1ef06aa90, 0x000001f1ef06b3a0,
0x000001f1ef05e7d0, 0x000001f1ef05eeb0, 0x000001f1ef05f8b0, 0x000001f1ef088f30,
0x000001f1ef0ad470, 0x000001f1ef1f42a0, 0x000001f1ef1ef2f0, 0x000001f1f2a37f90,
0x000001f1f11a9be0, 0x000001f1f11ae0f0, 0x000001f1f11ad650, 0x000001f1f11ab670,
0x000001f1f11adba0, 0x000001f1f11aabd0, 0x000001f1f11aa130, 0x000001f1f11b0620,
0x000001f1f11abbc0, 0x000001f1f11a8bf0, 0x000001f1f11ae640, 0x000001f1f11af0e0,
0x000001f1f11af630
}

Java Threads: ( => current thread )
  0x000001f1ef034250 JavaThread "Reference Handler" daemon [_thread_blocked, id=9652, stack(0x000000bf7d400000,0x000000bf7d500000)]
  0x000001f1ef036120 JavaThread "Finalizer" daemon [_thread_blocked, id=24664, stack(0x000000bf7d500000,0x000000bf7d600000)]
  0x000001f1ef06aa90 JavaThread "Signal Dispatcher" daemon [_thread_blocked, id=14732, stack(0x000000bf7d600000,0x000000bf7d700000)]
  0x000001f1ef06b3a0 JavaThread "Attach Listener" daemon [_thread_blocked, id=19236, stack(0x000000bf7d700000,0x000000bf7d800000)]
  0x000001f1ef05e7d0 JavaThread "Service Thread" daemon [_thread_blocked, id=16964, stack(0x000000bf7d800000,0x000000bf7d900000)]
  0x000001f1ef05eeb0 JavaThread "Monitor Deflation Thread" daemon [_thread_blocked, id=18116, stack(0x000000bf7d900000,0x000000bf7da00000)]
  0x000001f1ef05f8b0 JavaThread "C2 CompilerThread0" daemon [_thread_blocked, id=13848, stack(0x000000bf7da00000,0x000000bf7db00000)]
  0x000001f1ef088f30 JavaThread "C1 CompilerThread0" daemon [_thread_blocked, id=21328, stack(0x000000bf7db00000,0x000000bf7dc00000)]
  0x000001f1ef0ad470 JavaThread "Sweeper thread" daemon [_thread_blocked, id=16004, stack(0x000000bf7dc00000,0x000000bf7dd00000)]
  0x000001f1ef1f42a0 JavaThread "Notification Thread" daemon [_thread_blocked, id=25504, stack(0x000000bf7dd00000,0x000000bf7de00000)]
  0x000001f1ef1ef2f0 JavaThread "Common-Cleaner" daemon [_thread_blocked, id=19116, stack(0x000000bf7df00000,0x000000bf7e000000)]
  0x000001f1f2a37f90 JavaThread "mysql-cj-abandoned-connection-cleanup" daemon [_thread_blocked, id=22860, stack(0x000000bf7ea00000,0x000000bf7eb00000)]
  0x000001f1f11a9be0 JavaThread "Live Reload Server" daemon [_thread_in_native, id=26224, stack(0x000000bf7f000000,0x000000bf7f100000)]
  0x000001f1f11ae0f0 JavaThread "DestroyJavaVM" [_thread_blocked, id=10200, stack(0x000000bf7cd00000,0x000000bf7ce00000)]
  0x000001f1f11ad650 JavaThread "Catalina-utility-1" [_thread_blocked, id=24856, stack(0x000000bf7cc00000,0x000000bf7cd00000)]
  0x000001f1f11ab670 JavaThread "Catalina-utility-2" [_thread_blocked, id=13832, stack(0x000000bf7e000000,0x000000bf7e100000)]
  0x000001f1f11adba0 JavaThread "container-0" [_thread_blocked, id=25964, stack(0x000000bf7e500000,0x000000bf7e600000)]
  0x000001f1f11aabd0 JavaThread "HikariPool-5 housekeeper" daemon [_thread_blocked, id=24160, stack(0x000000bf7e600000,0x000000bf7e700000)]
  0x000001f1f11aa130 JavaThread "File Watcher" daemon [_thread_blocked, id=3488, stack(0x000000bf7e800000,0x000000bf7e900000)]
  0x000001f1f11b0620 JavaThread "http-nio-8080-Poller" daemon [_thread_in_native, id=25624, stack(0x000000bf7eb00000,0x000000bf7ec00000)]
  0x000001f1f11abbc0 JavaThread "http-nio-8080-Acceptor" daemon [_thread_in_native, id=10624, stack(0x000000bf7ec00000,0x000000bf7ed00000)]
  0x000001f1f11a8bf0 JavaThread "http-nio-8080-exec-1" daemon [_thread_blocked, id=9784, stack(0x000000bf7ca00000,0x000000bf7cb00000)]
  0x000001f1f11ae640 JavaThread "http-nio-8080-exec-2" daemon [_thread_blocked, id=5172, stack(0x000000bf7cb00000,0x000000bf7cc00000)]
  0x000001f1f11af0e0 JavaThread "http-nio-8080-exec-3" daemon [_thread_blocked, id=6008, stack(0x000000bf7e700000,0x000000bf7e800000)]
=>0x000001f1f11af630 JavaThread "HikariPool-5 connection closer" daemon [_thread_in_vm, id=9648, stack(0x000000bf7e900000,0x000000bf7ea00000)]

Other Threads:
  0x000001f1ee4c8bc0 VMThread "VM Thread" [stack: 0x000000bf7d300000,0x000000bf7d400000] [id=3452]
  0x000001f1ef189b70 WatcherThread [stack: 0x000000bf7de00000,0x000000bf7df00000] [id=11464]
  0x000001f1ce4bf7b0 GCTaskThread "GC Thread#0" [stack: 0x000000bf7ce00000,0x000000bf7cf00000] [id=3228]
  0x000001f1efaa5f20 GCTaskThread "GC Thread#1" [stack: 0x000000bf7e100000,0x000000bf7e200000] [id=3076]
  0x000001f1ef9a8f00 GCTaskThread "GC Thread#2" [stack: 0x000000bf7e200000,0x000000bf7e300000] [id=16144]
  0x000001f1efbcddc0 GCTaskThread "GC Thread#3" [stack: 0x000000bf7e300000,0x000000bf7e400000] [id=24260]
  0x000001f1ce4d3250 ConcurrentGCThread "G1 Main Marker" [stack: 0x000000bf7cf00000,0x000000bf7d000000] [id=26040]
  0x000001f1ce4d4cd0 ConcurrentGCThread "G1 Conc#0" [stack: 0x000000bf7d000000,0x000000bf7d100000] [id=11928]
  0x000001f1ee3324c0 ConcurrentGCThread "G1 Refine#0" [stack: 0x000000bf7d100000,0x000000bf7d200000] [id=21816]
  0x000001f1efbce0d0 ConcurrentGCThread "G1 Refine#1" [stack: 0x000000bf7e400000,0x000000bf7e500000] [id=11244]
  0x000001f1ce53cdf0 ConcurrentGCThread "G1 Service" [stack: 0x000000bf7d200000,0x000000bf7d300000] [id=23684]

Threads with active compile tasks:

VM state: not at safepoint (normal execution)

VM Mutex/Monitor currently owned by a thread: None

OutOfMemory and StackOverflow Exception counts:
OutOfMemoryError java_heap_errors=2
LinkageErrors=107

Heap address: 0x0000000703200000, size: 4046 MB, Compressed Oops mode: Zero based, Oop shift amount: 3

CDS disabled.
Compressed class space mapped at: 0x0000000800000000-0x0000000840000000, reserved size: 1073741824
Narrow klass base: 0x0000000800000000, Narrow klass shift: 0, Narrow klass range: 0x40000000

GC Precious Log:
 CPUs: 4 total, 4 available
 Memory: 16178M
 Large Page Support: Disabled
 NUMA Support: Disabled
 Compressed Oops: Enabled (Zero based)
 Heap Region Size: 2M
 Heap Min Capacity: 8M
 Heap Initial Capacity: 254M
 Heap Max Capacity: 4046M
 Pre-touch: Disabled
 Parallel Workers: 4
 Concurrent Workers: 1
 Concurrent Refinement Workers: 4
 Periodic GC: Disabled

Heap:
 garbage-first heap   total 108544K, used 54624K [0x0000000703200000, 0x0000000800000000)
  region size 2048K, 12 young (24576K), 1 survivors (2048K)
 Metaspace       used 75388K, committed 75904K, reserved 1122304K
  class space    used 8975K, committed 9216K, reserved 1048576K

Heap Regions: E=young(eden), S=young(survivor), O=old, HS=humongous(starts), HC=humongous(continues), CS=collection set, F=free, OA=open archive, CA=closed archive, TAMS=top-at-mark-start (previous, next)
|   0|0x0000000703200000, 0x00000007033fffd8, 0x0000000703400000| 99%| O|  |TAMS 0x0000000703200000, 0x0000000703200000| Untracked 
|   1|0x0000000703400000, 0x0000000703600000, 0x0000000703600000|100%| O|  |TAMS 0x0000000703400000, 0x0000000703400000| Untracked 
|   2|0x0000000703600000, 0x00000007037ffff0, 0x0000000703800000| 99%| O|  |TAMS 0x0000000703600000, 0x0000000703600000| Untracked 
|   3|0x0000000703800000, 0x0000000703a00000, 0x0000000703a00000|100%| O|  |TAMS 0x0000000703800000, 0x0000000703800000| Untracked 
|   4|0x0000000703a00000, 0x0000000703c00000, 0x0000000703c00000|100%| O|  |TAMS 0x0000000703a00000, 0x0000000703a00000| Untracked 
|   5|0x0000000703c00000, 0x0000000703dfffb0, 0x0000000703e00000| 99%| O|  |TAMS 0x0000000703c00000, 0x0000000703c00000| Untracked 
|   6|0x0000000703e00000, 0x0000000704000000, 0x0000000704000000|100%| O|  |TAMS 0x0000000703e00000, 0x0000000703e00000| Untracked 
|   7|0x0000000704000000, 0x00000007041fffc8, 0x0000000704200000| 99%| O|  |TAMS 0x0000000704000000, 0x0000000704000000| Untracked 
|   8|0x0000000704200000, 0x00000007043fffd8, 0x0000000704400000| 99%| O|  |TAMS 0x0000000704200000, 0x0000000704200000| Untracked 
|   9|0x0000000704400000, 0x00000007045ffff0, 0x0000000704600000| 99%| O|  |TAMS 0x0000000704400000, 0x0000000704400000| Untracked 
|  10|0x0000000704600000, 0x00000007047fffe8, 0x0000000704800000| 99%| O|  |TAMS 0x0000000704600000, 0x0000000704600000| Untracked 
|  11|0x0000000704800000, 0x00000007049ab078, 0x0000000704a00000| 83%| O|  |TAMS 0x0000000704800000, 0x0000000704800000| Untracked 
|  12|0x0000000704a00000, 0x0000000704b8f5e0, 0x0000000704c00000| 78%| O|  |TAMS 0x0000000704a00000, 0x0000000704a00000| Untracked 
|  13|0x0000000704c00000, 0x0000000704e00000, 0x0000000704e00000|100%| O|  |TAMS 0x0000000704c00000, 0x0000000704c00000| Untracked 
|  14|0x0000000704e00000, 0x0000000705000000, 0x0000000705000000|100%| O|  |TAMS 0x0000000704e00000, 0x0000000704e00000| Untracked 
|  15|0x0000000705000000, 0x0000000705200000, 0x0000000705200000|100%| O|  |TAMS 0x0000000705000000, 0x0000000705000000| Untracked 
|  16|0x0000000705200000, 0x00000007052cb000, 0x0000000705400000| 39%| O|  |TAMS 0x0000000705200000, 0x0000000705200000| Untracked 
|  17|0x0000000705400000, 0x0000000705400000, 0x0000000705600000|  0%| F|  |TAMS 0x0000000705400000, 0x0000000705400000| Untracked 
|  18|0x0000000705600000, 0x0000000705600000, 0x0000000705800000|  0%| F|  |TAMS 0x0000000705600000, 0x0000000705600000| Untracked 
|  19|0x0000000705800000, 0x0000000705800000, 0x0000000705a00000|  0%| F|  |TAMS 0x0000000705800000, 0x0000000705800000| Untracked 
|  20|0x0000000705a00000, 0x0000000705a00000, 0x0000000705c00000|  0%| F|  |TAMS 0x0000000705a00000, 0x0000000705a00000| Untracked 
|  21|0x0000000705c00000, 0x0000000705c00000, 0x0000000705e00000|  0%| F|  |TAMS 0x0000000705c00000, 0x0000000705c00000| Untracked 
|  22|0x0000000705e00000, 0x0000000705ebafb8, 0x0000000706000000| 36%| O|  |TAMS 0x0000000705e00000, 0x0000000705e00000| Untracked 
|  23|0x0000000706000000, 0x0000000706000000, 0x0000000706200000|  0%| F|  |TAMS 0x0000000706000000, 0x0000000706000000| Untracked 
|  24|0x0000000706200000, 0x0000000706297d98, 0x0000000706400000| 29%| S|CS|TAMS 0x0000000706200000, 0x0000000706200000| Complete 
|  25|0x0000000706400000, 0x0000000706400000, 0x0000000706600000|  0%| F|  |TAMS 0x0000000706400000, 0x0000000706400000| Untracked 
|  26|0x0000000706600000, 0x0000000706600000, 0x0000000706800000|  0%| F|  |TAMS 0x0000000706600000, 0x0000000706600000| Untracked 
|  27|0x0000000706800000, 0x0000000706800000, 0x0000000706a00000|  0%| F|  |TAMS 0x0000000706800000, 0x0000000706800000| Untracked 
|  28|0x0000000706a00000, 0x0000000706a00000, 0x0000000706c00000|  0%| F|  |TAMS 0x0000000706a00000, 0x0000000706a00000| Untracked 
|  29|0x0000000706c00000, 0x0000000706c00000, 0x0000000706e00000|  0%| F|  |TAMS 0x0000000706c00000, 0x0000000706c00000| Untracked 
|  30|0x0000000706e00000, 0x0000000706e00000, 0x0000000707000000|  0%| F|  |TAMS 0x0000000706e00000, 0x0000000706e00000| Untracked 
|  31|0x0000000707000000, 0x0000000707000000, 0x0000000707200000|  0%| F|  |TAMS 0x0000000707000000, 0x0000000707000000| Untracked 
|  32|0x0000000707200000, 0x0000000707200000, 0x0000000707400000|  0%| F|  |TAMS 0x0000000707200000, 0x0000000707200000| Untracked 
|  33|0x0000000707400000, 0x0000000707400000, 0x0000000707600000|  0%| F|  |TAMS 0x0000000707400000, 0x0000000707400000| Untracked 
|  34|0x0000000707600000, 0x0000000707600000, 0x0000000707800000|  0%| F|  |TAMS 0x0000000707600000, 0x0000000707600000| Untracked 
|  35|0x0000000707800000, 0x0000000707800000, 0x0000000707a00000|  0%| F|  |TAMS 0x0000000707800000, 0x0000000707800000| Untracked 
|  36|0x0000000707a00000, 0x0000000707a00000, 0x0000000707c00000|  0%| F|  |TAMS 0x0000000707a00000, 0x0000000707a00000| Untracked 
|  37|0x0000000707c00000, 0x0000000707c00000, 0x0000000707e00000|  0%| F|  |TAMS 0x0000000707c00000, 0x0000000707c00000| Untracked 
|  38|0x0000000707e00000, 0x0000000707e00000, 0x0000000708000000|  0%| F|  |TAMS 0x0000000707e00000, 0x0000000707e00000| Untracked 
|  39|0x0000000708000000, 0x0000000708000000, 0x0000000708200000|  0%| F|  |TAMS 0x0000000708000000, 0x0000000708000000| Untracked 
|  40|0x0000000708200000, 0x0000000708200000, 0x0000000708400000|  0%| F|  |TAMS 0x0000000708200000, 0x0000000708200000| Untracked 
|  41|0x0000000708400000, 0x0000000708400000, 0x0000000708600000|  0%| F|  |TAMS 0x0000000708400000, 0x0000000708400000| Untracked 
|  42|0x0000000708600000, 0x000000070878d760, 0x0000000708800000| 77%| E|  |TAMS 0x0000000708600000, 0x0000000708600000| Complete 
|  43|0x0000000708800000, 0x0000000708a00000, 0x0000000708a00000|100%| E|CS|TAMS 0x0000000708800000, 0x0000000708800000| Complete 
|  44|0x0000000708a00000, 0x0000000708c00000, 0x0000000708c00000|100%| E|CS|TAMS 0x0000000708a00000, 0x0000000708a00000| Complete 
|  45|0x0000000708c00000, 0x0000000708e00000, 0x0000000708e00000|100%| E|CS|TAMS 0x0000000708c00000, 0x0000000708c00000| Complete 
|  46|0x0000000708e00000, 0x0000000709000000, 0x0000000709000000|100%| E|CS|TAMS 0x0000000708e00000, 0x0000000708e00000| Complete 
|  47|0x0000000709000000, 0x0000000709200000, 0x0000000709200000|100%| E|CS|TAMS 0x0000000709000000, 0x0000000709000000| Complete 
|  48|0x0000000709200000, 0x0000000709400000, 0x0000000709400000|100%| E|CS|TAMS 0x0000000709200000, 0x0000000709200000| Complete 
|  49|0x0000000709400000, 0x0000000709600000, 0x0000000709600000|100%| E|CS|TAMS 0x0000000709400000, 0x0000000709400000| Complete 
|  50|0x0000000709600000, 0x0000000709800000, 0x0000000709800000|100%| E|CS|TAMS 0x0000000709600000, 0x0000000709600000| Complete 
|  51|0x0000000709800000, 0x0000000709a00000, 0x0000000709a00000|100%| E|CS|TAMS 0x0000000709800000, 0x0000000709800000| Complete 
|  52|0x0000000709a00000, 0x0000000709c00000, 0x0000000709c00000|100%| E|CS|TAMS 0x0000000709a00000, 0x0000000709a00000| Complete 

Card table byte_map: [0x000001f1e2fe0000,0x000001f1e37d0000] _byte_map_base: 0x000001f1df7c7000

Marking Bits (Prev, Next): (CMBitMap*) 0x000001f1ce4bfee0, (CMBitMap*) 0x000001f1ce4bfea0
 Prev Bits: [0x000001f1e7f00000, 0x000001f1ebe38000)
 Next Bits: [0x000001f1e3fc0000, 0x000001f1e7ef8000)

Polling page: 0x000001f1ce540000

Metaspace:

Usage:
  Non-class:     64.86 MB used.
      Class:      8.77 MB used.
       Both:     73.62 MB used.

Virtual space:
  Non-class space:       72.00 MB reserved,      65.12 MB ( 90%) committed,  9 nodes.
      Class space:        1.00 GB reserved,       9.00 MB ( <1%) committed,  1 nodes.
              Both:        1.07 GB reserved,      74.12 MB (  7%) committed. 

Chunk freelists:
   Non-Class:  2.08 MB
       Class:  3.00 MB
        Both:  5.08 MB

MaxMetaspaceSize: 17179869184.00 GB
CompressedClassSpaceSize: 1.00 GB
 - commit_granule_bytes: 65536.
 - commit_granule_words: 8192.
 - virtual_space_node_default_size: 1048576.
 - enlarge_chunks_in_place: 1.
 - new_chunks_are_fully_committed: 0.
 - uncommit_free_chunks: 1.
 - use_allocation_guard: 0.
 - handle_deallocations: 1.


Internal statistics:

num_allocs_failed_limit: 9.
num_arena_births: 780.
num_arena_deaths: 4.
num_vsnodes_births: 10.
num_vsnodes_deaths: 0.
num_space_committed: 1186.
num_space_uncommitted: 0.
num_chunks_returned_to_freelist: 14.
num_chunks_taken_from_freelist: 3444.
num_chunk_merges: 9.
num_chunk_splits: 2297.
num_chunks_enlarged: 1622.
num_purges: 8.

CodeHeap 'non-profiled nmethods': size=120000Kb used=6885Kb max_used=7190Kb free=113114Kb
 bounds [0x000001f1dac90000, 0x000001f1db3a0000, 0x000001f1e21c0000]
CodeHeap 'profiled nmethods': size=120000Kb used=17233Kb max_used=18293Kb free=102766Kb
 bounds [0x000001f1d3760000, 0x000001f1d4940000, 0x000001f1dac90000]
CodeHeap 'non-nmethods': size=5760Kb used=1331Kb max_used=1415Kb free=4429Kb
 bounds [0x000001f1d31c0000, 0x000001f1d3430000, 0x000001f1d3760000]
 total_blobs=10146 nmethods=9493 adapters=563
 compilation: enabled
              stopped_count=0, restarted_count=0
 full_count=0

Compilation events (20 events):
Event: 54947.656 Thread 0x000001f1ef088f30 11133       3       java.net.SocketImpl::createPlatformSocketImpl (24 bytes)
Event: 54947.657 Thread 0x000001f1ef088f30 nmethod 11133 0x000001f1d3fd7790 code [0x000001f1d3fd7940, 0x000001f1d3fd7ae8]
Event: 54947.657 Thread 0x000001f1ef088f30 11135       3       java.util.AbstractSequentialList::iterator (5 bytes)
Event: 54947.657 Thread 0x000001f1ef088f30 nmethod 11135 0x000001f1d41af810 code [0x000001f1d41af9c0, 0x000001f1d41afc68]
Event: 56580.807 Thread 0x000001f1ef088f30 11138       3       com.mysql.cj.conf.ConnectionUrl::acceptsUrl (5 bytes)
Event: 56580.881 Thread 0x000001f1ef088f30 nmethod 11138 0x000001f1d3ec2110 code [0x000001f1d3ec22c0, 0x000001f1d3ec23c8]
Event: 56580.883 Thread 0x000001f1ef088f30 11139       3       java.net.InetAddress::getAllByName0 (219 bytes)
Event: 56580.947 Thread 0x000001f1ef088f30 nmethod 11139 0x000001f1d3b61710 code [0x000001f1d3b61ae0, 0x000001f1d3b639f8]
Event: 56580.999 Thread 0x000001f1ef088f30 11142       3       sun.security.provider.SHA2$SHA256::<init> (12 bytes)
Event: 56581.010 Thread 0x000001f1ef088f30 nmethod 11142 0x000001f1d3aed190 code [0x000001f1d3aed380, 0x000001f1d3aeda48]
Event: 56581.010 Thread 0x000001f1ef088f30 11143       3       sun.security.provider.SHA2::<init> (34 bytes)
Event: 56581.010 Thread 0x000001f1ef088f30 nmethod 11143 0x000001f1d3f92910 code [0x000001f1d3f92ae0, 0x000001f1d3f93128]
Event: 56584.722 Thread 0x000001f1ef088f30 11145       3       java.util.Properties::enumerateStringProperties (97 bytes)
Event: 56584.731 Thread 0x000001f1ef088f30 nmethod 11145 0x000001f1d3e4c810 code [0x000001f1d3e4ca80, 0x000001f1d3e4d7b8]
Event: 56584.731 Thread 0x000001f1ef088f30 11144       3       java.util.Properties::stringPropertyNames (23 bytes)
Event: 56584.737 Thread 0x000001f1ef088f30 nmethod 11144 0x000001f1d3aadb10 code [0x000001f1d3aadd40, 0x000001f1d3aae738]
Event: 56584.738 Thread 0x000001f1ef088f30 11146       3       java.sql.DriverManager::getLoginTimeout (4 bytes)
Event: 56584.739 Thread 0x000001f1ef088f30 nmethod 11146 0x000001f1d3d14890 code [0x000001f1d3d14a20, 0x000001f1d3d14b18]
Event: 56589.750 Thread 0x000001f1ef088f30 11147       3       java.util.IdentityHashMap$KeyIterator::next (13 bytes)
Event: 56589.756 Thread 0x000001f1ef088f30 nmethod 11147 0x000001f1d463e210 code [0x000001f1d463e3c0, 0x000001f1d463e668]

GC Heap History (20 events):
Event: 48975.791 GC heap before
{Heap before GC invocations=68 (full 4):
 garbage-first heap   total 108544K, used 87720K [0x0000000703200000, 0x0000000800000000)
  region size 2048K, 28 young (57344K), 2 survivors (4096K)
 Metaspace       used 75336K, committed 75904K, reserved 1122304K
  class space    used 8975K, committed 9216K, reserved 1048576K
}
Event: 48975.793 GC heap after
{Heap after GC invocations=69 (full 4):
 garbage-first heap   total 108544K, used 34292K [0x0000000703200000, 0x0000000800000000)
  region size 2048K, 2 young (4096K), 2 survivors (4096K)
 Metaspace       used 75336K, committed 75904K, reserved 1122304K
  class space    used 8975K, committed 9216K, reserved 1048576K
}
Event: 49741.797 GC heap before
{Heap before GC invocations=69 (full 4):
 garbage-first heap   total 108544K, used 87540K [0x0000000703200000, 0x0000000800000000)
  region size 2048K, 28 young (57344K), 2 survivors (4096K)
 Metaspace       used 75339K, committed 75904K, reserved 1122304K
  class space    used 8975K, committed 9216K, reserved 1048576K
}
Event: 49741.799 GC heap after
{Heap after GC invocations=70 (full 4):
 garbage-first heap   total 108544K, used 34383K [0x0000000703200000, 0x0000000800000000)
  region size 2048K, 2 young (4096K), 2 survivors (4096K)
 Metaspace       used 75339K, committed 75904K, reserved 1122304K
  class space    used 8975K, committed 9216K, reserved 1048576K
}
Event: 50561.368 GC heap before
{Heap before GC invocations=70 (full 4):
 garbage-first heap   total 108544K, used 87631K [0x0000000703200000, 0x0000000800000000)
  region size 2048K, 28 young (57344K), 2 survivors (4096K)
 Metaspace       used 75339K, committed 75904K, reserved 1122304K
  class space    used 8975K, committed 9216K, reserved 1048576K
}
Event: 50561.371 GC heap after
{Heap after GC invocations=71 (full 4):
 garbage-first heap   total 108544K, used 34368K [0x0000000703200000, 0x0000000800000000)
  region size 2048K, 2 young (4096K), 2 survivors (4096K)
 Metaspace       used 75339K, committed 75904K, reserved 1122304K
  class space    used 8975K, committed 9216K, reserved 1048576K
}
Event: 51343.257 GC heap before
{Heap before GC invocations=71 (full 4):
 garbage-first heap   total 108544K, used 87616K [0x0000000703200000, 0x0000000800000000)
  region size 2048K, 28 young (57344K), 2 survivors (4096K)
 Metaspace       used 75347K, committed 75904K, reserved 1122304K
  class space    used 8975K, committed 9216K, reserved 1048576K
}
Event: 51343.259 GC heap after
{Heap after GC invocations=72 (full 4):
 garbage-first heap   total 108544K, used 34462K [0x0000000703200000, 0x0000000800000000)
  region size 2048K, 2 young (4096K), 2 survivors (4096K)
 Metaspace       used 75347K, committed 75904K, reserved 1122304K
  class space    used 8975K, committed 9216K, reserved 1048576K
}
Event: 52144.532 GC heap before
{Heap before GC invocations=72 (full 4):
 garbage-first heap   total 108544K, used 87710K [0x0000000703200000, 0x0000000800000000)
  region size 2048K, 28 young (57344K), 2 survivors (4096K)
 Metaspace       used 75353K, committed 75904K, reserved 1122304K
  class space    used 8975K, committed 9216K, reserved 1048576K
}
Event: 52144.537 GC heap after
{Heap after GC invocations=73 (full 4):
 garbage-first heap   total 108544K, used 34385K [0x0000000703200000, 0x0000000800000000)
  region size 2048K, 1 young (2048K), 1 survivors (2048K)
 Metaspace       used 75353K, committed 75904K, reserved 1122304K
  class space    used 8975K, committed 9216K, reserved 1048576K
}
Event: 52989.926 GC heap before
{Heap before GC invocations=73 (full 4):
 garbage-first heap   total 108544K, used 89681K [0x0000000703200000, 0x0000000800000000)
  region size 2048K, 28 young (57344K), 1 survivors (2048K)
 Metaspace       used 75353K, committed 75904K, reserved 1122304K
  class space    used 8975K, committed 9216K, reserved 1048576K
}
Event: 52989.928 GC heap after
{Heap after GC invocations=74 (full 4):
 garbage-first heap   total 108544K, used 34233K [0x0000000703200000, 0x0000000800000000)
  region size 2048K, 1 young (2048K), 1 survivors (2048K)
 Metaspace       used 75353K, committed 75904K, reserved 1122304K
  class space    used 8975K, committed 9216K, reserved 1048576K
}
Event: 53783.921 GC heap before
{Heap before GC invocations=74 (full 4):
 garbage-first heap   total 108544K, used 89529K [0x0000000703200000, 0x0000000800000000)
  region size 2048K, 28 young (57344K), 1 survivors (2048K)
 Metaspace       used 75361K, committed 75904K, reserved 1122304K
  class space    used 8975K, committed 9216K, reserved 1048576K
}
Event: 53783.922 GC heap after
{Heap after GC invocations=75 (full 4):
 garbage-first heap   total 108544K, used 34337K [0x0000000703200000, 0x0000000800000000)
  region size 2048K, 1 young (2048K), 1 survivors (2048K)
 Metaspace       used 75361K, committed 75904K, reserved 1122304K
  class space    used 8975K, committed 9216K, reserved 1048576K
}
Event: 54625.923 GC heap before
{Heap before GC invocations=75 (full 4):
 garbage-first heap   total 108544K, used 89633K [0x0000000703200000, 0x0000000800000000)
  region size 2048K, 28 young (57344K), 1 survivors (2048K)
 Metaspace       used 75361K, committed 75904K, reserved 1122304K
  class space    used 8975K, committed 9216K, reserved 1048576K
}
Event: 54625.924 GC heap after
{Heap after GC invocations=76 (full 4):
 garbage-first heap   total 108544K, used 34140K [0x0000000703200000, 0x0000000800000000)
  region size 2048K, 1 young (2048K), 1 survivors (2048K)
 Metaspace       used 75361K, committed 75904K, reserved 1122304K
  class space    used 8975K, committed 9216K, reserved 1048576K
}
Event: 55421.286 GC heap before
{Heap before GC invocations=76 (full 4):
 garbage-first heap   total 108544K, used 89436K [0x0000000703200000, 0x0000000800000000)
  region size 2048K, 28 young (57344K), 1 survivors (2048K)
 Metaspace       used 75378K, committed 75904K, reserved 1122304K
  class space    used 8975K, committed 9216K, reserved 1048576K
}
Event: 55421.311 GC heap after
{Heap after GC invocations=77 (full 4):
 garbage-first heap   total 108544K, used 34310K [0x0000000703200000, 0x0000000800000000)
  region size 2048K, 1 young (2048K), 1 survivors (2048K)
 Metaspace       used 75378K, committed 75904K, reserved 1122304K
  class space    used 8975K, committed 9216K, reserved 1048576K
}
Event: 56272.702 GC heap before
{Heap before GC invocations=77 (full 4):
 garbage-first heap   total 108544K, used 89606K [0x0000000703200000, 0x0000000800000000)
  region size 2048K, 28 young (57344K), 1 survivors (2048K)
 Metaspace       used 75378K, committed 75904K, reserved 1122304K
  class space    used 8975K, committed 9216K, reserved 1048576K
}
Event: 56273.141 GC heap after
{Heap after GC invocations=78 (full 4):
 garbage-first heap   total 108544K, used 34144K [0x0000000703200000, 0x0000000800000000)
  region size 2048K, 1 young (2048K), 1 survivors (2048K)
 Metaspace       used 75378K, committed 75904K, reserved 1122304K
  class space    used 8975K, committed 9216K, reserved 1048576K
}

Deoptimization events (20 events):
Event: 40220.011 Thread 0x000001f1f11a8bf0 DEOPT PACKING pc=0x000001f1d436909f sp=0x000000bf7caf9f70
Event: 40220.011 Thread 0x000001f1f11a8bf0 DEOPT UNPACKING pc=0x000001f1d320dece sp=0x000000bf7caf94d8 mode 0
Event: 40226.403 Thread 0x000001f1f11af0e0 Uncommon trap: trap_request=0xffffff45 fr.pc=0x000001f1dad1defc relative=0x000000000000005c
Event: 40226.403 Thread 0x000001f1f11af0e0 Uncommon trap: reason=unstable_if action=reinterpret pc=0x000001f1dad1defc method=java.util.Objects.equals(Ljava/lang/Object;Ljava/lang/Object;)Z @ 6 c2
Event: 40226.403 Thread 0x000001f1f11af0e0 DEOPT PACKING pc=0x000001f1dad1defc sp=0x000000bf7e7fb710
Event: 40226.403 Thread 0x000001f1f11af0e0 DEOPT UNPACKING pc=0x000001f1d320d72e sp=0x000000bf7e7fb6b0 mode 2
Event: 40226.426 Thread 0x000001f1f11af0e0 Uncommon trap: trap_request=0xffffffde fr.pc=0x000001f1db0296e4 relative=0x0000000000001704
Event: 40226.426 Thread 0x000001f1f11af0e0 Uncommon trap: reason=class_check action=maybe_recompile pc=0x000001f1db0296e4 method=java.util.concurrent.ConcurrentHashMap.putVal(Ljava/lang/Object;Ljava/lang/Object;Z)Ljava/lang/Object; @ 159 c2
Event: 40226.426 Thread 0x000001f1f11af0e0 DEOPT PACKING pc=0x000001f1db0296e4 sp=0x000000bf7e7fc6b0
Event: 40226.426 Thread 0x000001f1f11af0e0 DEOPT UNPACKING pc=0x000001f1d320d72e sp=0x000000bf7e7fc640 mode 2
Event: 40226.426 Thread 0x000001f1f11af0e0 Uncommon trap: trap_request=0xffffffde fr.pc=0x000001f1db0296e4 relative=0x0000000000001704
Event: 40226.426 Thread 0x000001f1f11af0e0 Uncommon trap: reason=class_check action=maybe_recompile pc=0x000001f1db0296e4 method=java.util.concurrent.ConcurrentHashMap.putVal(Ljava/lang/Object;Ljava/lang/Object;Z)Ljava/lang/Object; @ 159 c2
Event: 40226.426 Thread 0x000001f1f11af0e0 DEOPT PACKING pc=0x000001f1db0296e4 sp=0x000000bf7e7fc8f0
Event: 40226.426 Thread 0x000001f1f11af0e0 DEOPT UNPACKING pc=0x000001f1d320d72e sp=0x000000bf7e7fc880 mode 2
Event: 40226.512 Thread 0x000001f1f11af0e0 Uncommon trap: trap_request=0xffffff45 fr.pc=0x000001f1dae88fec relative=0x000000000000022c
Event: 40226.512 Thread 0x000001f1f11af0e0 Uncommon trap: reason=unstable_if action=reinterpret pc=0x000001f1dae88fec method=java.util.HashMap.getNode(Ljava/lang/Object;)Ljava/util/HashMap$Node; @ 66 c2
Event: 40226.512 Thread 0x000001f1f11af0e0 DEOPT PACKING pc=0x000001f1dae88fec sp=0x000000bf7e7fc290
Event: 40226.512 Thread 0x000001f1f11af0e0 DEOPT UNPACKING pc=0x000001f1d320d72e sp=0x000000bf7e7fc1c0 mode 2
Event: 53056.533 Thread 0x000001f1f11ac110 DEOPT PACKING pc=0x000001f1d493a9b1 sp=0x000000bf7edfe3e0
Event: 53056.534 Thread 0x000001f1f11ac110 DEOPT UNPACKING pc=0x000001f1d320dece sp=0x000000bf7edfd838 mode 0

Classes unloaded (2 events):
Event: 483.562 Thread 0x000001f1ee4c8bc0 Unloading class 0x00000008008a3c00 'org/apache/catalina/loader/JdbcLeakPrevention'
Event: 532.548 Thread 0x000001f1ee4c8bc0 Unloading class 0x00000008008cc000 'org/apache/catalina/loader/JdbcLeakPrevention'

Classes redefined (0 events):
No events

Internal exceptions (20 events):
Event: 533.700 Thread 0x000001f1f11af0e0 Exception <a 'java/lang/ClassNotFoundException'{0x0000000708543c60}: com/nn/vehicles/model/BrandCustomizer> (0x0000000708543c60) 
thrown [t:\workspace\open\src\hotspot\share\classfile\systemDictionary.cpp, line 256]
Event: 533.702 Thread 0x000001f1f11af0e0 Exception <a 'java/lang/ClassNotFoundException'{0x000000070856bd30}: java/lang/ObjectCustomizer> (0x000000070856bd30) 
thrown [t:\workspace\open\src\hotspot\share\classfile\systemDictionary.cpp, line 256]
Event: 533.703 Thread 0x000001f1f11af0e0 Exception <a 'java/lang/ClassNotFoundException'{0x00000007085744a0}: com/nn/vehicles/model/BrandModelCustomizer> (0x00000007085744a0) 
thrown [t:\workspace\open\src\hotspot\share\classfile\systemDictionary.cpp, line 256]
Event: 533.705 Thread 0x000001f1f11af0e0 Exception <a 'java/lang/ClassNotFoundException'{0x00000007085a4af0}: java/lang/ObjectCustomizer> (0x00000007085a4af0) 
thrown [t:\workspace\open\src\hotspot\share\classfile\systemDictionary.cpp, line 256]
Event: 533.705 Thread 0x000001f1f11af0e0 Exception <a 'java/lang/ClassNotFoundException'{0x00000007085ad150}: com/nn/vehicles/model/VehicleCustomizer> (0x00000007085ad150) 
thrown [t:\workspace\open\src\hotspot\share\classfile\systemDictionary.cpp, line 256]
Event: 533.707 Thread 0x000001f1f11af0e0 Exception <a 'java/lang/ClassNotFoundException'{0x00000007085e2540}: java/lang/ObjectCustomizer> (0x00000007085e2540) 
thrown [t:\workspace\open\src\hotspot\share\classfile\systemDictionary.cpp, line 256]
Event: 533.707 Thread 0x000001f1f11af0e0 Exception <a 'java/lang/ClassNotFoundException'{0x00000007085eb130}: com/nn/vehicles/model/CustomerCustomizer> (0x00000007085eb130) 
thrown [t:\workspace\open\src\hotspot\share\classfile\systemDictionary.cpp, line 256]
Event: 533.746 Thread 0x000001f1f11af0e0 Exception <a 'java/lang/ClassNotFoundException'{0x0000000707944798}: java/lang/ObjectCustomizer> (0x0000000707944798) 
thrown [t:\workspace\open\src\hotspot\share\classfile\systemDictionary.cpp, line 256]
Event: 533.748 Thread 0x000001f1f11af0e0 Exception <a 'java/lang/ClassNotFoundException'{0x000000070794ce38}: com/nn/vehicles/model/EmployeeCustomizer> (0x000000070794ce38) 
thrown [t:\workspace\open\src\hotspot\share\classfile\systemDictionary.cpp, line 256]
Event: 533.750 Thread 0x000001f1f11af0e0 Exception <a 'java/lang/ClassNotFoundException'{0x000000070797acb0}: java/lang/ObjectCustomizer> (0x000000070797acb0) 
thrown [t:\workspace\open\src\hotspot\share\classfile\systemDictionary.cpp, line 256]
Event: 533.750 Thread 0x000001f1f11af0e0 Exception <a 'java/lang/ClassNotFoundException'{0x00000007079834a0}: com/nn/vehicles/model/QualificationCustomizer> (0x00000007079834a0) 
thrown [t:\workspace\open\src\hotspot\share\classfile\systemDictionary.cpp, line 256]
Event: 533.752 Thread 0x000001f1f11af0e0 Exception <a 'java/lang/ClassNotFoundException'{0x00000007079b6eb0}: java/lang/ObjectCustomizer> (0x00000007079b6eb0) 
thrown [t:\workspace\open\src\hotspot\share\classfile\systemDictionary.cpp, line 256]
Event: 533.753 Thread 0x000001f1f11af0e0 Exception <a 'java/lang/ClassNotFoundException'{0x00000007079bf620}: com/nn/vehicles/model/RepairTypeCustomizer> (0x00000007079bf620) 
thrown [t:\workspace\open\src\hotspot\share\classfile\systemDictionary.cpp, line 256]
Event: 533.754 Thread 0x000001f1f11af0e0 Exception <a 'java/lang/ClassNotFoundException'{0x00000007079e7df0}: java/lang/ObjectCustomizer> (0x00000007079e7df0) 
thrown [t:\workspace\open\src\hotspot\share\classfile\systemDictionary.cpp, line 256]
Event: 533.754 Thread 0x000001f1f11af0e0 Exception <a 'java/lang/ClassNotFoundException'{0x00000007079f0950}: com/nn/vehicles/model/RepairCustomizer> (0x00000007079f0950) 
thrown [t:\workspace\open\src\hotspot\share\classfile\systemDictionary.cpp, line 256]
Event: 533.756 Thread 0x000001f1f11af0e0 Exception <a 'java/lang/ClassNotFoundException'{0x0000000707628bc8}: java/lang/ObjectCustomizer> (0x0000000707628bc8) 
thrown [t:\workspace\open\src\hotspot\share\classfile\systemDictionary.cpp, line 256]
Event: 533.757 Thread 0x000001f1f11af0e0 Exception <a 'java/lang/ClassNotFoundException'{0x0000000707632080}: com/nn/vehicles/model/RepairShopCustomizer> (0x0000000707632080) 
thrown [t:\workspace\open\src\hotspot\share\classfile\systemDictionary.cpp, line 256]
Event: 40226.336 Thread 0x000001f1f11af0e0 Exception <a 'java/lang/ArrayIndexOutOfBoundsException'{0x00000007065e6c98}: Index -1 out of bounds for length 128> (0x00000007065e6c98) 
thrown [t:\workspace\open\src\hotspot\share\interpreter\interpreterRuntime.cpp, line 425]
Event: 56580.304 Thread 0x000001f1f11aabd0 Exception <a 'java/lang/OutOfMemoryError'{0x0000000709b02d88}: unable to create native thread: possibly out of memory or process/resource limits reached> (0x0000000709b02d88) 
thrown [t:\workspace\open\src\hotspot\share\prims\jvm.cpp, line 3104]
Event: 56596.788 Thread 0x000001f1f11aabd0 Exception <a 'java/lang/OutOfMemoryError'{0x000000070878d228}: unable to create native thread: possibly out of memory or process/resource limits reached> (0x000000070878d228) 
thrown [t:\workspace\open\src\hotspot\share\prims\jvm.cpp, line 3104]

Events (20 events):
Event: 54915.692 Thread 0x000001f1f11aa680 Thread exited: 0x000001f1f11aa680
Event: 54947.651 Thread 0x000001f1f11aa680 Thread added: 0x000001f1f11aa680
Event: 54947.651 Thread 0x000001f1f11ac110 Thread added: 0x000001f1f11ac110
Event: 54947.998 Executing  VM operation: Cleanup
Event: 54947.998 Executing  VM operation: Cleanup done
Event: 54952.657 Thread 0x000001f1f11aa680 Thread exited: 0x000001f1f11aa680
Event: 54952.671 Thread 0x000001f1f11ac110 Thread exited: 0x000001f1f11ac110
Event: 55421.281 Executing  VM operation: G1CollectForAllocation
Event: 55421.311 Executing  VM operation: G1CollectForAllocation done
Event: 56272.700 Executing  VM operation: G1CollectForAllocation
Event: 56273.142 Executing  VM operation: G1CollectForAllocation done
Event: 56580.761 Thread 0x000001f1f11aa680 Thread added: 0x000001f1f11aa680
Event: 56581.459 Executing  VM operation: Cleanup
Event: 56581.461 Executing  VM operation: Cleanup done
Event: 56584.720 Thread 0x000001f1f11af630 Thread added: 0x000001f1f11af630
Event: 56585.502 Executing  VM operation: Cleanup
Event: 56585.502 Executing  VM operation: Cleanup done
Event: 56589.735 Thread 0x000001f1f11af630 Thread exited: 0x000001f1f11af630
Event: 56589.750 Thread 0x000001f1f11aa680 Thread exited: 0x000001f1f11aa680
Event: 56596.787 Thread 0x000001f1f11af630 Thread added: 0x000001f1f11af630


Dynamic libraries:
0x00007ff68aa70000 - 0x00007ff68aa7e000 	D:\EclipseJEE\eclipse\plugins\org.eclipse.justj.openjdk.hotspot.jre.full.win32.x86_64_16.0.1.v20210528-1205\jre\bin\javaw.exe
0x00007ffd2ea70000 - 0x00007ffd2ec65000 	C:\WINDOWS\SYSTEM32\ntdll.dll
0x00007ffcf4c70000 - 0x00007ffcf4c85000 	C:\Program Files\AVAST Software\Avast\aswhook.dll
0x00007ffd2de20000 - 0x00007ffd2dede000 	C:\WINDOWS\System32\KERNEL32.DLL
0x00007ffd2c270000 - 0x00007ffd2c539000 	C:\WINDOWS\System32\KERNELBASE.dll
0x00007ffd2c800000 - 0x00007ffd2c900000 	C:\WINDOWS\System32\ucrtbase.dll
0x00007ffd22090000 - 0x00007ffd220a8000 	D:\EclipseJEE\eclipse\plugins\org.eclipse.justj.openjdk.hotspot.jre.full.win32.x86_64_16.0.1.v20210528-1205\jre\bin\jli.dll
0x00007ffd22140000 - 0x00007ffd22159000 	D:\EclipseJEE\eclipse\plugins\org.eclipse.justj.openjdk.hotspot.jre.full.win32.x86_64_16.0.1.v20210528-1205\jre\bin\VCRUNTIME140.dll
0x00007ffd2cc70000 - 0x00007ffd2ce11000 	C:\WINDOWS\System32\USER32.dll
0x00007ffd2c6f0000 - 0x00007ffd2c712000 	C:\WINDOWS\System32\win32u.dll
0x00007ffd10410000 - 0x00007ffd106aa000 	C:\WINDOWS\WinSxS\amd64_microsoft.windows.common-controls_6595b64144ccf1df_6.0.19041.1110_none_60b5254171f9507e\COMCTL32.dll
0x00007ffd2d030000 - 0x00007ffd2d05b000 	C:\WINDOWS\System32\GDI32.dll
0x00007ffd2c540000 - 0x00007ffd2c64b000 	C:\WINDOWS\System32\gdi32full.dll
0x00007ffd2cea0000 - 0x00007ffd2cf3e000 	C:\WINDOWS\System32\msvcrt.dll
0x00007ffd2c650000 - 0x00007ffd2c6ed000 	C:\WINDOWS\System32\msvcp_win.dll
0x00007ffd2cbe0000 - 0x00007ffd2cc10000 	C:\WINDOWS\System32\IMM32.DLL
0x00007ffd26ad0000 - 0x00007ffd26adc000 	D:\EclipseJEE\eclipse\plugins\org.eclipse.justj.openjdk.hotspot.jre.full.win32.x86_64_16.0.1.v20210528-1205\jre\bin\vcruntime140_1.dll
0x00007ffd1b180000 - 0x00007ffd1b211000 	D:\EclipseJEE\eclipse\plugins\org.eclipse.justj.openjdk.hotspot.jre.full.win32.x86_64_16.0.1.v20210528-1205\jre\bin\msvcp140.dll
0x00007ffca4d80000 - 0x00007ffca592b000 	D:\EclipseJEE\eclipse\plugins\org.eclipse.justj.openjdk.hotspot.jre.full.win32.x86_64_16.0.1.v20210528-1205\jre\bin\server\jvm.dll
0x00007ffd2dee0000 - 0x00007ffd2df8c000 	C:\WINDOWS\System32\ADVAPI32.dll
0x00007ffd2e1e0000 - 0x00007ffd2e27b000 	C:\WINDOWS\System32\sechost.dll
0x00007ffd2d060000 - 0x00007ffd2d18a000 	C:\WINDOWS\System32\RPCRT4.dll
0x00007ffd2ce20000 - 0x00007ffd2ce28000 	C:\WINDOWS\System32\PSAPI.DLL
0x00007ffd06400000 - 0x00007ffd06427000 	C:\WINDOWS\SYSTEM32\WINMM.dll
0x00007ffd1e950000 - 0x00007ffd1e959000 	C:\WINDOWS\SYSTEM32\WSOCK32.dll
0x00007ffd2e280000 - 0x00007ffd2e2eb000 	C:\WINDOWS\System32\WS2_32.dll
0x00007ffd23f90000 - 0x00007ffd23f9a000 	C:\WINDOWS\SYSTEM32\VERSION.dll
0x00007ffd2a9f0000 - 0x00007ffd2aa02000 	C:\WINDOWS\SYSTEM32\kernel.appcore.dll
0x00007ffd25cc0000 - 0x00007ffd25cca000 	D:\EclipseJEE\eclipse\plugins\org.eclipse.justj.openjdk.hotspot.jre.full.win32.x86_64_16.0.1.v20210528-1205\jre\bin\jimage.dll
0x00007ffd29db0000 - 0x00007ffd29f94000 	C:\WINDOWS\SYSTEM32\DBGHELP.DLL
0x00007ffd230e0000 - 0x00007ffd2310c000 	C:\WINDOWS\SYSTEM32\dbgcore.DLL
0x00007ffd2c770000 - 0x00007ffd2c7f3000 	C:\WINDOWS\System32\bcryptPrimitives.dll
0x00007ffd1dbd0000 - 0x00007ffd1dbf5000 	D:\EclipseJEE\eclipse\plugins\org.eclipse.justj.openjdk.hotspot.jre.full.win32.x86_64_16.0.1.v20210528-1205\jre\bin\java.dll
0x00007ffd21d50000 - 0x00007ffd21d68000 	D:\EclipseJEE\eclipse\plugins\org.eclipse.justj.openjdk.hotspot.jre.full.win32.x86_64_16.0.1.v20210528-1205\jre\bin\zip.dll
0x00007ffd2e2f0000 - 0x00007ffd2ea2f000 	C:\WINDOWS\System32\SHELL32.dll
0x00007ffd2a230000 - 0x00007ffd2a9c0000 	C:\WINDOWS\SYSTEM32\windows.storage.dll
0x00007ffd2d850000 - 0x00007ffd2dba5000 	C:\WINDOWS\System32\combase.dll
0x00007ffd2bb10000 - 0x00007ffd2bb3c000 	C:\WINDOWS\SYSTEM32\Wldp.dll
0x00007ffd2e130000 - 0x00007ffd2e1dd000 	C:\WINDOWS\System32\SHCORE.dll
0x00007ffd2cc10000 - 0x00007ffd2cc65000 	C:\WINDOWS\System32\shlwapi.dll
0x00007ffd2c0d0000 - 0x00007ffd2c0ef000 	C:\WINDOWS\SYSTEM32\profapi.dll
0x00007ffd1f980000 - 0x00007ffd1f999000 	D:\EclipseJEE\eclipse\plugins\org.eclipse.justj.openjdk.hotspot.jre.full.win32.x86_64_16.0.1.v20210528-1205\jre\bin\net.dll
0x00007ffd20850000 - 0x00007ffd20958000 	C:\WINDOWS\SYSTEM32\WINHTTP.dll
0x00007ffd2b870000 - 0x00007ffd2b8da000 	C:\WINDOWS\system32\mswsock.dll
0x00007ffd1dcd0000 - 0x00007ffd1dce3000 	D:\EclipseJEE\eclipse\plugins\org.eclipse.justj.openjdk.hotspot.jre.full.win32.x86_64_16.0.1.v20210528-1205\jre\bin\nio.dll
0x00007ffd22060000 - 0x00007ffd22070000 	D:\EclipseJEE\eclipse\plugins\org.eclipse.justj.openjdk.hotspot.jre.full.win32.x86_64_16.0.1.v20210528-1205\jre\bin\verify.dll
0x00007ffd21fd0000 - 0x00007ffd21fd9000 	D:\EclipseJEE\eclipse\plugins\org.eclipse.justj.openjdk.hotspot.jre.full.win32.x86_64_16.0.1.v20210528-1205\jre\bin\management.dll
0x00007ffd21f80000 - 0x00007ffd21f8b000 	D:\EclipseJEE\eclipse\plugins\org.eclipse.justj.openjdk.hotspot.jre.full.win32.x86_64_16.0.1.v20210528-1205\jre\bin\management_ext.dll
0x00007ffd12660000 - 0x00007ffd12677000 	C:\WINDOWS\system32\napinsp.dll
0x00007ffd12640000 - 0x00007ffd1265b000 	C:\WINDOWS\system32\pnrpnsp.dll
0x00007ffd27da0000 - 0x00007ffd27db5000 	C:\WINDOWS\system32\wshbth.dll
0x00007ffd241a0000 - 0x00007ffd241bd000 	C:\WINDOWS\system32\NLAapi.dll
0x00007ffd2b560000 - 0x00007ffd2b59b000 	C:\WINDOWS\SYSTEM32\IPHLPAPI.DLL
0x00007ffd2b5a0000 - 0x00007ffd2b66c000 	C:\WINDOWS\SYSTEM32\DNSAPI.dll
0x00007ffd2d020000 - 0x00007ffd2d028000 	C:\WINDOWS\System32\NSI.dll
0x00007ffd12620000 - 0x00007ffd12632000 	C:\WINDOWS\System32\winrnr.dll
0x00007ffd24330000 - 0x00007ffd2433a000 	C:\Windows\System32\rasadhlp.dll
0x00007ffd20270000 - 0x00007ffd202ef000 	C:\WINDOWS\System32\fwpuclnt.dll
0x00007ffd2c190000 - 0x00007ffd2c1b7000 	C:\WINDOWS\System32\bcrypt.dll
0x00007ffd2ba60000 - 0x00007ffd2ba78000 	C:\WINDOWS\SYSTEM32\CRYPTSP.dll
0x00007ffd2b1f0000 - 0x00007ffd2b224000 	C:\WINDOWS\system32\rsaenh.dll
0x00007ffd2c050000 - 0x00007ffd2c07e000 	C:\WINDOWS\SYSTEM32\USERENV.dll
0x00007ffd2ba80000 - 0x00007ffd2ba8c000 	C:\WINDOWS\SYSTEM32\CRYPTBASE.dll
0x00007ffd22ec0000 - 0x00007ffd22ed7000 	C:\WINDOWS\SYSTEM32\dhcpcsvc6.DLL
0x00007ffd22ea0000 - 0x00007ffd22ebd000 	C:\WINDOWS\SYSTEM32\dhcpcsvc.DLL
0x00007ffd221e0000 - 0x00007ffd221ee000 	D:\EclipseJEE\eclipse\plugins\org.eclipse.justj.openjdk.hotspot.jre.full.win32.x86_64_16.0.1.v20210528-1205\jre\bin\sunmscapi.dll
0x00007ffd2c960000 - 0x00007ffd2cab6000 	C:\WINDOWS\System32\CRYPT32.dll
0x00007ffd2bb80000 - 0x00007ffd2bba7000 	C:\WINDOWS\SYSTEM32\ncrypt.dll
0x00007ffd2bb40000 - 0x00007ffd2bb7b000 	C:\WINDOWS\SYSTEM32\NTASN1.dll
0x00007ffd26ae0000 - 0x00007ffd26ae7000 	C:\WINDOWS\system32\wshunix.dll

dbghelp: loaded successfully - version: 4.0.5 - missing functions: none
symbol engine: initialized successfully - sym options: 0x614 - pdb path: .;D:\EclipseJEE\eclipse\plugins\org.eclipse.justj.openjdk.hotspot.jre.full.win32.x86_64_16.0.1.v20210528-1205\jre\bin;C:\WINDOWS\SYSTEM32;C:\Program Files\AVAST Software\Avast;C:\WINDOWS\WinSxS\amd64_microsoft.windows.common-controls_6595b64144ccf1df_6.0.19041.1110_none_60b5254171f9507e;D:\EclipseJEE\eclipse\plugins\org.eclipse.justj.openjdk.hotspot.jre.full.win32.x86_64_16.0.1.v20210528-1205\jre\bin\server

VM Arguments:
jvm_args: -Dfile.encoding=UTF-8 -XX:+ShowCodeDetailsInExceptionMessages 
java_command: com.nn.vehicles.VehiclesApplication
java_class_path (initial): D:\Spring\vehicles\target\classes;C:\Users\Manas\.m2\repository\org\springframework\boot\spring-boot-starter-data-jpa\2.5.5\spring-boot-starter-data-jpa-2.5.5.jar;C:\Users\Manas\.m2\repository\org\springframework\boot\spring-boot-starter-aop\2.5.5\spring-boot-starter-aop-2.5.5.jar;C:\Users\Manas\.m2\repository\org\springframework\spring-aop\5.3.10\spring-aop-5.3.10.jar;C:\Users\Manas\.m2\repository\org\aspectj\aspectjweaver\1.9.7\aspectjweaver-1.9.7.jar;C:\Users\Manas\.m2\repository\org\springframework\boot\spring-boot-starter-jdbc\2.5.5\spring-boot-starter-jdbc-2.5.5.jar;C:\Users\Manas\.m2\repository\com\zaxxer\HikariCP\4.0.3\HikariCP-4.0.3.jar;C:\Users\Manas\.m2\repository\org\springframework\spring-jdbc\5.3.10\spring-jdbc-5.3.10.jar;C:\Users\Manas\.m2\repository\jakarta\transaction\jakarta.transaction-api\1.3.3\jakarta.transaction-api-1.3.3.jar;C:\Users\Manas\.m2\repository\jakarta\persistence\jakarta.persistence-api\2.2.3\jakarta.persistence-api-2.2.3.jar;C:\Users\Manas\.m2\repository\org\hibernate\hibernate-core\5.4.32.Final\hibernate-core-5.4.32.Final.jar;C:\Users\Manas\.m2\repository\org\jboss\logging\jboss-logging\3.4.2.Final\jboss-logging-3.4.2.Final.jar;C:\Users\Manas\.m2\repository\org\javassist\javassist\3.27.0-GA\javassist-3.27.0-GA.jar;C:\Users\Manas\.m2\repository\net\bytebuddy\byte-buddy\1.10.22\byte-buddy-1.10.22.jar;C:\Users\Manas\.m2\repository\antlr\antlr\2.7.7\antlr-2.7.7.jar;C:\Users\Manas\.m2\repository\org\jboss\jandex\2.2.3.Final\jandex-2.2.3.Final.jar;C:\Users\Manas\.m2\repository\com\fasterxml\classmate\1.5.1\classmate-1.5.1.jar;C:\Users\Manas\.m2\repository\org\dom4j\dom4j\2.1.3\dom4j-2.1.3.jar;C:\Users\Manas\.m2\repository\org\hibernate\common\hibernate-commons-annotations\5.1.2.Final\hibernate-commons-annotations-5.1.2.Final.jar;C:\Users\Manas\.m2\repository\org\glassfish\jaxb\jaxb-runtime\2.3.5\jaxb-runtime-2.3.5.jar;C:\Users\Manas\.m2\repository\org\glassfish\jaxb\txw2\2.3.5\txw2-2.3.5.jar;C:\Users\Manas\.
Launcher Type: SUN_STANDARD

[Global flags]
     intx CICompilerCount                          = 3                                         {product} {ergonomic}
     uint ConcGCThreads                            = 1                                         {product} {ergonomic}
     uint G1ConcRefinementThreads                  = 4                                         {product} {ergonomic}
   size_t G1HeapRegionSize                         = 2097152                                   {product} {ergonomic}
    uintx GCDrainStackTargetSize                   = 64                                        {product} {ergonomic}
   size_t InitialHeapSize                          = 266338304                                 {product} {ergonomic}
   size_t MarkStackSize                            = 4194304                                   {product} {ergonomic}
   size_t MaxHeapSize                              = 4242538496                                {product} {ergonomic}
   size_t MaxNewSize                               = 2543845376                                {product} {ergonomic}
   size_t MinHeapDeltaBytes                        = 2097152                                   {product} {ergonomic}
   size_t MinHeapSize                              = 8388608                                   {product} {ergonomic}
    uintx NonNMethodCodeHeapSize                   = 5832780                                {pd product} {ergonomic}
    uintx NonProfiledCodeHeapSize                  = 122912730                              {pd product} {ergonomic}
    uintx ProfiledCodeHeapSize                     = 122912730                              {pd product} {ergonomic}
    uintx ReservedCodeCacheSize                    = 251658240                              {pd product} {ergonomic}
     bool SegmentedCodeCache                       = true                                      {product} {ergonomic}
     bool ShowCodeDetailsInExceptionMessages       = true                                   {manageable} {command line}
   size_t SoftMaxHeapSize                          = 4242538496                             {manageable} {ergonomic}
     bool UseCompressedClassPointers               = true                           {product lp64_product} {ergonomic}
     bool UseCompressedOops                        = true                           {product lp64_product} {ergonomic}
     bool UseG1GC                                  = true                                      {product} {ergonomic}
     bool UseLargePagesIndividualAllocation        = false                                  {pd product} {ergonomic}

Logging:
Log output configuration:
 #0: stdout all=warning uptime,level,tags
 #1: stderr all=off uptime,level,tags

Environment Variables:
JAVA_HOME=C:\Program Files\Java\jdk-11.0.10
PATH=D:/EclipseJEE/eclipse//plugins/org.eclipse.justj.openjdk.hotspot.jre.full.win32.x86_64_16.0.1.v20210528-1205/jre/bin/server;D:/EclipseJEE/eclipse//plugins/org.eclipse.justj.openjdk.hotspot.jre.full.win32.x86_64_16.0.1.v20210528-1205/jre/bin;C:\Program Files\NVIDIA GPU Computing Toolkit\CUDA\v11.3\bin;C:\Program Files\NVIDIA GPU Computing Toolkit\CUDA\v11.3\libnvvp;C:\Program Files\Common Files\Oracle\Java\javapath;C:\Program Files (x86)\Common Files\Oracle\Java\javapath;C:\WINDOWS\system32;C:\WINDOWS;C:\WINDOWS\System32\Wbem;C:\WINDOWS\System32\WindowsPowerShell\v1.0\;C:\Program Files\Microsoft SQL Server\130\Tools\Binn\;C:\Program Files\dotnet\;C:\Program Files\nodejs\;C:\xampp\php;C:\ProgramData\ComposerSetup\bin;C:\WINDOWS\System32\OpenSSH\;C:\Program Files (x86)\NVIDIA Corporation\PhysX\Common;C:\Program Files\Git\cmd;C:\Program Files\PuTTY\;C:\Program Files\NVIDIA Corporation\NVIDIA NvDLISR;C:\Python\Python38-32\DLLs;C:\WINDOWS\system32;C:\WINDOWS;C:\WINDOWS\System32\Wbem;C:\WINDOWS\System32\WindowsPowerShell\v1.0\;C:\WINDOWS\System32\OpenSSH\;C:\Program Files\CMake\bin;C:\Program Files\Microsoft SQL Server\Client SDK\ODBC\170\Tools\Binn\;C:\Program Files\NVIDIA Corporation\Nsight Compute 2021.1.0\;C:\Program Files (x86)\Microsoft SQL Server\150\Tools\Binn\;C:\Program Files\Microsoft SQL Server\150\Tools\Binn\;C:\Program Files\Microsoft SQL Server\150\DTS\Binn\;C:\Program Files (x86)\Microsoft SQL Server\150\DTS\Binn\;C:\Program Files\Azure Data Studio\bin;C:\Program Files\apache-maven-3.8.2\bin;C:\Users\Manas\.pyenv\pyenv-win\bin;C:\Users\Manas\.pyenv\pyenv-win\shims;C:\Program Files (x86)\Common Files\Oracle\Java\javapath;C:\WINDOWS\system32;C:\WINDOWS;C:\WINDOWS\System32\Wbem;C:\WINDOWS\System32\WindowsPowerShell\v1.0\;C:\Program Files\Microsoft SQL Server\130\Tools\Binn\;C:\Program Files\dotnet\;C:\Program Files\nodejs\;C:\xampp\php;C:\ProgramData\ComposerSetup\bin;C:\WINDOWS\System32\OpenSSH\;C:\Program Files (x86)\NVIDIA Corporation\PhysX\Common;C:\Prog
USERNAME=Manas
OS=Windows_NT
PROCESSOR_IDENTIFIER=Intel64 Family 6 Model 94 Stepping 3, GenuineIntel



---------------  S Y S T E M  ---------------

OS:
 Windows 10 , 64 bit Build 19041 (10.0.19041.1202)
OS uptime: 4 days 18:46 hours

CPU: total 4 (initial active 4) (4 cores per cpu, 1 threads per core) family 6 model 94 stepping 3 microcode 0xcc, cx8, cmov, fxsr, mmx, 3dnowpref, sse, sse2, sse3, ssse3, sse4.1, sse4.2, popcnt, lzcnt, tsc, tscinvbit, avx, avx2, aes, erms, clmul, bmi1, bmi2, rtm, adx, fma, vzeroupper, clflush, clflushopt

Memory: 4k page, system-wide physical 16178M (330M free)
TotalPageFile size 46542M (AvailPageFile size 0M)
current process WorkingSet (physical memory assigned to process): 39M, peak: 322M
current process commit charge ("private bytes"): 318M, peak: 367M

vm_info: OpenJDK 64-Bit Server VM (16.0.1+9-24) for windows-amd64 JRE (16.0.1+9-24), built on Mar 26 2021 19:30:07 by "mach5one" with MS VC++ 16.7 (VS2019)

END.
